0 info it worked if it ends with ok
1 verbose cli [ 'D:\\Program Files\\nodejs\\\\node.exe',
1 verbose cli   'D:\\Program Files\\nodejs\\node_modules\\npm\\bin\\npm-cli.js',
1 verbose cli   'install' ]
2 info using npm@1.4.28
3 info using node@v0.10.32
4 verbose node symlink D:\Program Files\nodejs\\node.exe
5 warn package.json n-abler@ No description
6 warn package.json n-abler@ No repository field.
7 warn package.json n-abler@ No README data
8 verbose readDependencies using package.json deps
9 verbose install where, deps [ 'D:\\development\\ondeck',
9 verbose install   [ 'express',
9 verbose install     'ejs',
9 verbose install     'morgan',
9 verbose install     'body-parser',
9 verbose install     'method-override',
9 verbose install     'cookie-parser',
9 verbose install     'express-session',
9 verbose install     'mssql' ] ]
10 info preinstall n-abler@
11 warn package.json passport-local@0.1.6 No README data
12 verbose readDependencies using package.json deps
13 verbose already installed skipping express@~4.7.2 D:\development\ondeck
14 verbose already installed skipping ejs@~0.8.5 D:\development\ondeck
15 verbose already installed skipping morgan@~1.2.2 D:\development\ondeck
16 verbose already installed skipping body-parser@~1.5.2 D:\development\ondeck
17 verbose already installed skipping method-override@~2.1.2 D:\development\ondeck
18 verbose already installed skipping cookie-parser@~1.0.0 D:\development\ondeck
19 verbose already installed skipping express-session@~1.0.0 D:\development\ondeck
20 verbose cache add [ 'mssql@1.2.', null ]
21 verbose cache add name=undefined spec="mssql@1.2." args=["mssql@1.2.",null]
22 verbose parsed url { protocol: null,
22 verbose parsed url   slashes: null,
22 verbose parsed url   auth: null,
22 verbose parsed url   host: null,
22 verbose parsed url   port: null,
22 verbose parsed url   hostname: null,
22 verbose parsed url   hash: null,
22 verbose parsed url   search: null,
22 verbose parsed url   query: null,
22 verbose parsed url   pathname: 'mssql@1.2.',
22 verbose parsed url   path: 'mssql@1.2.',
22 verbose parsed url   href: 'mssql@1.2.' }
23 verbose cache add name="mssql" spec="1.2." args=["mssql","1.2."]
24 verbose parsed url { protocol: null,
24 verbose parsed url   slashes: null,
24 verbose parsed url   auth: null,
24 verbose parsed url   host: null,
24 verbose parsed url   port: null,
24 verbose parsed url   hostname: null,
24 verbose parsed url   hash: null,
24 verbose parsed url   search: null,
24 verbose parsed url   query: null,
24 verbose parsed url   pathname: '1.2.',
24 verbose parsed url   path: '1.2.',
24 verbose parsed url   href: '1.2.' }
25 verbose addNamed [ 'mssql', '1.2.' ]
26 verbose addNamed [ null, null ]
27 silly lockFile cde9b68d-mssql-1-2 mssql@1.2.
28 verbose lock mssql@1.2. C:\Users\dsheppard\AppData\Roaming\npm-cache\cde9b68d-mssql-1-2.lock
29 info addNameTag [ 'mssql', '1.2.' ]
30 verbose request where is /mssql
31 verbose request registry https://registry.npmjs.org/
32 verbose request id 5504c9f112c0d334
33 verbose url raw /mssql
34 verbose url resolving [ 'https://registry.npmjs.org/', './mssql' ]
35 verbose url resolved https://registry.npmjs.org/mssql
36 verbose request where is https://registry.npmjs.org/mssql
37 info trying registry request attempt 1 at 09:50:20
38 verbose etag "6GSJBBL52JATV4MYD05729OZ7"
39 http GET https://registry.npmjs.org/mssql
40 http 200 https://registry.npmjs.org/mssql
41 silly registry.get cb [ 200,
41 silly registry.get   { date: 'Fri, 31 Oct 2014 13:51:27 GMT',
41 silly registry.get     server: 'CouchDB/1.5.0 (Erlang OTP/R16B03)',
41 silly registry.get     etag: '"75LGBQBDY9J1ZIQBHJ72573N1"',
41 silly registry.get     'content-type': 'application/json',
41 silly registry.get     'cache-control': 'max-age=60',
41 silly registry.get     'content-length': '86579',
41 silly registry.get     'accept-ranges': 'bytes',
41 silly registry.get     via: '1.1 varnish',
41 silly registry.get     age: '0',
41 silly registry.get     'x-served-by': 'cache-ord1734-ORD',
41 silly registry.get     'x-cache': 'HIT',
41 silly registry.get     'x-cache-hits': '1',
41 silly registry.get     'x-timer': 'S1414763487.463219,VS0,VE62',
41 silly registry.get     vary: 'Accept',
41 silly registry.get     'keep-alive': 'timeout=10, max=50',
41 silly registry.get     connection: 'Keep-Alive' } ]
42 silly lockFile cde9b68d-mssql-1-2 mssql@1.2.
43 silly lockFile cde9b68d-mssql-1-2 mssql@1.2.
44 error notarget No compatible version found: mssql@'1.2.'
44 error notarget Valid install targets:
44 error notarget ["0.2.0","0.2.1","0.2.2","0.2.3","0.2.4","0.2.5","0.3.0","0.3.1","0.3.2","0.3.3","0.3.4","0.4.0","0.4.1","0.4.2","0.4.3","0.4.4","0.4.5","0.5.0","0.5.1","0.5.2","0.5.3","0.5.4","0.5.5","0.6.0","0.6.1","0.6.2","1.0.0","1.0.1","1.0.2","1.1.0","1.1.1","1.2.0","1.2.1","1.3.0"]
44 error notarget
44 error notarget This is most likely not a problem with npm itself.
44 error notarget In most cases you or one of your dependencies are requesting
44 error notarget a package version that doesn't exist.
45 error System Windows_NT 6.2.9200
46 error command "D:\\Program Files\\nodejs\\\\node.exe" "D:\\Program Files\\nodejs\\node_modules\\npm\\bin\\npm-cli.js" "install"
47 error cwd D:\development\ondeck
48 error node -v v0.10.32
49 error npm -v 1.4.28
50 error code ETARGET
51 verbose exit [ 1, true ]
